^ 0 : 2 2.8065 26.711764705882352 2.8065 (2016 - 2017)
^ 121 : 2 3.9146 227.05 3.9146 (2011 - 2012)
^ 123 : 4 5.7202 98.71739130434783 5.7202 (2019 - )
^ 126 : 3 3.4522 206.4090909090909 3.4522 (2011 - 2013)
^ 134 : 3 3.9602 252.27777777777777 3.9602 (2011 - 2013)
^ 152 : 6 3.3785 174.65384615384616 3.3785 (2017 - )
^ 156 : 4 4.0678 70.953125 4.0678 (2019 - )
^ 170 : 6 3.2267 151.36666666666667 3.2267 (2017 - )
^ 173 : 2 6.5307 133.55882352941177 6.5307 (2018 - 2019)
^ 177 : 3 2.6377 378.4166666666667 2.6377 (2011 - 2013)
^ 20 : 2 2.7193 283.8125 2.7193 (2015 - 2016)
^ 201 : 4 3.8593 46.33673469387755 3.8593 (2016 - 2019)
^ 279 : 3 3.2622 227.05 3.2622 (2016 - 2018)
^ 302 : 4 3.9551 119.5 3.9551 (2011 - 2014)
^ 422 : 2 2.6485 454.1 2.6485 (2011 - 2012)
^ 430 : 3 2.6258 378.4166666666667 2.6258 (2012 - 2014)
^ 432 : 2 4.946 54.05952380952381 4.946 (2011 - 2012)
^ 433 : 2 3.6028 22.480198019801982 3.6028 (2011 - 2012)
^ 437 : 2 2.6485 454.1 2.6485 (2011 - 2012)
^ 484 : 2 2.7581 283.8125 2.7581 (2013 - 2014)
^ 488 : 5 3.9088 108.11904761904762 3.9088 (2018 - )
^ 493 : 4 4.1562 151.36666666666667 4.1562 (2016 - 2019)
^ 71 : 4 3.9252 151.36666666666667 3.9252 (2011 - 2014)
^ 87 : 2 3.3503 49.358695652173914 3.3503 (2018 - 2019)
^ 91 : 3 5.9253 162.17857142857142 5.9253 (2013 - 2015)
